<?xml version="1.0" encoding="UTF-8"?>
<!-- Generated by org.testng.reporters.JUnitXMLReporter -->
<testsuite ignored="0" hostname="DESKTOP-N9H8CB5" failures="0" tests="4" name="Default test" time="0.108" errors="0" timestamp="2024-06-19T21:16:32 ART">
  <testcase classname="calculator.CalculatorTest" name="testAdd" time="0.023"/>
  <testcase classname="calculator.CalculatorTest" name="testDivide" time="0.002"/>
  <testcase classname="calculator.CalculatorTest" name="testMultiply" time="0.013"/>
  <testcase classname="calculator.CalculatorTest" name="testSubtract" time="0.001"/>
</testsuite> <!-- Default test -->
