<?xml version="1.0" encoding="UTF-8"?>
<!-- Generated by org.testng.reporters.JUnitXMLReporter -->
<testsuite ignored="0" hostname="DESKTOP-N9H8CB5" failures="0" tests="4" name="Default test" time="0.09" errors="0" timestamp="2024-06-18T14:26:24 ART">
  <testcase classname="calculator.CalculatorTest" name="testAdd" time="0.022"/>
  <testcase classname="calculator.CalculatorTest" name="testDivide" time="0.006"/>
  <testcase classname="calculator.CalculatorTest" name="testMultiply" time="0.002"/>
  <testcase classname="calculator.CalculatorTest" name="testSubtract" time="0.003"/>
</testsuite> <!-- Default test -->
