<?xml version="1.0" encoding="UTF-8"?>
<testng-results ignored="0" total="4" passed="4" failed="0" skipped="0">
  <reporter-output>
  </reporter-output>
  <suite started-at="2024-06-19T21:16:31 ART" name="Default suite" finished-at="2024-06-19T21:16:32 ART" duration-ms="108">
    <groups>
    </groups>
    <test started-at="2024-06-19T21:16:31 ART" name="Default test" finished-at="2024-06-19T21:16:32 ART" duration-ms="108">
      <class name="calculator.CalculatorTest">
        <test-method is-config="true" signature="setUp()[pri:0, instance:calculator.CalculatorTest@19bb07ed]" started-at="2024-06-19T21:16:32 ART" name="setUp" finished-at="2024-06-19T21:16:32 ART" duration-ms="6" status="PASS">
          <reporter-output>
          </reporter-output>
        </test-method> <!-- setUp -->
        <test-method signature="testAdd()[pri:0, instance:calculator.CalculatorTest@19bb07ed]" started-at="2024-06-19T21:16:32 ART" name="testAdd" finished-at="2024-06-19T21:16:32 ART" duration-ms="23" status="PASS">
          <reporter-output>
          </reporter-output>
        </test-method> <!-- testAdd -->
        <test-method is-config="true" signature="setUp()[pri:0, instance:calculator.CalculatorTest@19bb07ed]" started-at="2024-06-19T21:16:32 ART" name="setUp" finished-at="2024-06-19T21:16:32 ART" duration-ms="1" status="PASS">
          <reporter-output>
          </reporter-output>
        </test-method> <!-- setUp -->
        <test-method signature="testDivide()[pri:0, instance:calculator.CalculatorTest@19bb07ed]" started-at="2024-06-19T21:16:32 ART" name="testDivide" finished-at="2024-06-19T21:16:32 ART" duration-ms="2" status="PASS">
          <reporter-output>
          </reporter-output>
        </test-method> <!-- testDivide -->
        <test-method is-config="true" signature="setUp()[pri:0, instance:calculator.CalculatorTest@19bb07ed]" started-at="2024-06-19T21:16:32 ART" name="setUp" finished-at="2024-06-19T21:16:32 ART" duration-ms="1" status="PASS">
          <reporter-output>
          </reporter-output>
        </test-method> <!-- setUp -->
        <test-method signature="testMultiply()[pri:0, instance:calculator.CalculatorTest@19bb07ed]" started-at="2024-06-19T21:16:32 ART" name="testMultiply" finished-at="2024-06-19T21:16:32 ART" duration-ms="13" status="PASS">
          <reporter-output>
          </reporter-output>
        </test-method> <!-- testMultiply -->
        <test-method is-config="true" signature="setUp()[pri:0, instance:calculator.CalculatorTest@19bb07ed]" started-at="2024-06-19T21:16:32 ART" name="setUp" finished-at="2024-06-19T21:16:32 ART" duration-ms="1" status="PASS">
          <reporter-output>
          </reporter-output>
        </test-method> <!-- setUp -->
        <test-method signature="testSubtract()[pri:0, instance:calculator.CalculatorTest@19bb07ed]" started-at="2024-06-19T21:16:32 ART" name="testSubtract" finished-at="2024-06-19T21:16:32 ART" duration-ms="1" status="PASS">
          <reporter-output>
          </reporter-output>
        </test-method> <!-- testSubtract -->
      </class> <!-- calculator.CalculatorTest -->
    </test> <!-- Default test -->
  </suite> <!-- Default suite -->
</testng-results>
